<?xml version="1.0" encoding="UTF-8"?>
<testsuite name="AppTest" tests="1" skipped="0" failures="0" errors="0" timestamp="2018-02-08T10:47:57" hostname="DESKTOP-7OMIIA2" time="0.04">
  <properties/>
  <testcase name="application has a greeting" classname="AppTest" time="0.04"/>
  <system-out><![CDATA[]]></system-out>
  <system-err><![CDATA[]]></system-err>
</testsuite>
